<?xml version="1.0" encoding="UTF-8"?>
<!-- Generated by org.testng.reporters.JUnitReportReporter -->
<testsuite skipped="0" hostname="kushan" name="Test.LoginTest" tests="1" failures="0" timestamp="25 Dec 2018 05:22:53 GMT" time="35.237" errors="0">
  <testcase name="testLogin" time="35.237" classname="Test.LoginTest"/>
</testsuite> <!-- Test.LoginTest -->
